<?xml version="1.0" encoding="UTF-8"?>
<!-- Generated by org.testng.reporters.JUnitReportReporter -->
<testsuite skipped="0" hostname="user-PC" name="com.project.feature.Feature1" tests="1" failures="0" timestamp="09 Dec 2018 12:42:11 GMT" time="9.260" errors="0">
  <testcase name="test" time="9.260" classname="com.project.feature.Feature1"/>
</testsuite> <!-- com.project.feature.Feature1 -->
